#
# There is insufficient memory for the Java Runtime Environment to continue.
# Native memory allocation (malloc) failed to allocate 173280 bytes for Chunk::new
# Possible reasons:
#   The system is out of physical RAM or swap space
#   In 32 bit mode, the process size limit was hit
# Possible solutions:
#   Reduce memory load on the system
#   Increase physical memory or swap space
#   Check if swap backing store is full
#   Use 64 bit Java on a 64 bit OS
#   Decrease Java heap size (-Xmx/-Xms)
#   Decrease number of Java threads
#   Decrease Java thread stack sizes (-Xss)
#   Set larger code cache with -XX:ReservedCodeCacheSize=
# This output file may be truncated or incomplete.
#
#  Out of Memory Error (allocation.cpp:390), pid=4660, tid=0x000000000000113c
#
# JRE version: Java(TM) SE Runtime Environment (8.0_121-b13) (build 1.8.0_121-b13)
# Java VM: Java HotSpot(TM) 64-Bit Server VM (25.121-b13 mixed mode windows-amd64 compressed oops)
# Failed to write core dump. Minidumps are not enabled by default on client versions of Windows
#

---------------  T H R E A D  ---------------

Current thread (0x000000001a10e000):  JavaThread "C2 CompilerThread1" daemon [_thread_in_native, id=4412, stack(0x000000001aa00000,0x000000001ab00000)]

Stack: [0x000000001aa00000,0x000000001ab00000]
[error occurred during error reporting (printing stack bounds), id 0xc0000005]

Native frames: (J=compiled Java code, j=interpreted, Vv=VM code, C=native code)


Current CompileTask:
C2:  21964 4886       4       com.sonar.sslr.impl.typed.SyntaxTreeCreator::visitTerminal (160 bytes)


---------------  P R O C E S S  ---------------

Java Threads: ( => current thread )
  0x000000001b55a000 JavaThread "Report about progress of Java AST analyzer" daemon [_thread_blocked, id=14012, stack(0x000000001e070000,0x000000001e170000)]
  0x000000001b55b800 JavaThread "JGit-WorkQueue" daemon [_thread_blocked, id=9904, stack(0x000000001f140000,0x000000001f240000)]
  0x000000001b2a1800 JavaThread "Okio Watchdog" daemon [_thread_blocked, id=6496, stack(0x000000001d570000,0x000000001d670000)]
  0x000000001b386000 JavaThread "OkHttp ConnectionPool" daemon [_thread_blocked, id=7924, stack(0x000000001d470000,0x000000001d570000)]
  0x000000001b17d800 JavaThread "Okio Watchdog" daemon [_thread_blocked, id=2872, stack(0x000000001be40000,0x000000001bf40000)]
  0x000000001b17c800 JavaThread "OkHttp ConnectionPool" daemon [_thread_blocked, id=1180, stack(0x000000001bd40000,0x000000001be40000)]
  0x000000001a1a0800 JavaThread "Service Thread" daemon [_thread_blocked, id=12632, stack(0x000000001ad00000,0x000000001ae00000)]
  0x000000001a123800 JavaThread "C1 CompilerThread3" daemon [_thread_in_native, id=12608, stack(0x000000001ac00000,0x000000001ad00000)]
  0x000000001a11f800 JavaThread "C2 CompilerThread2" daemon [_thread_in_native, id=12628, stack(0x000000001ab00000,0x000000001ac00000)]
=>0x000000001a10e000 JavaThread "C2 CompilerThread1" daemon [_thread_in_native, id=4412, stack(0x000000001aa00000,0x000000001ab00000)]
  0x000000001a10a000 JavaThread "C2 CompilerThread0" daemon [_thread_blocked, id=1952, stack(0x000000001a900000,0x000000001aa00000)]
  0x000000001a108000 JavaThread "Attach Listener" daemon [_thread_blocked, id=1204, stack(0x000000001a800000,0x000000001a900000)]
  0x000000001a107000 JavaThread "Signal Dispatcher" daemon [_thread_blocked, id=11556, stack(0x000000001a700000,0x000000001a800000)]
  0x000000000329e000 JavaThread "Finalizer" daemon [_thread_blocked, id=13424, stack(0x000000001a4e0000,0x000000001a5e0000)]
  0x0000000003297000 JavaThread "Reference Handler" daemon [_thread_blocked, id=13012, stack(0x0000000019fe0000,0x000000001a0e0000)]
  0x000000000309e000 JavaThread "main" [_thread_in_Java, id=11416, stack(0x00000000030a0000,0x00000000031a0000)]

Other Threads:
  0x0000000018219000 VMThread [stack: 0x0000000019ee0000,0x0000000019fe0000] [id=2808]
  0x000000001a1ca800 WatcherThread [stack: 0x000000001ae00000,0x000000001af00000] [id=1612]

VM state:not at safepoint (normal execution)

VM Mutex/Monitor currently owned by a thread:  ([mutex/lock_event])
[0x000000000309c760] CodeCache_lock - owner thread: 0x000000001a123800

Heap:
 PSYoungGen      total 123392K, used 94926K [0x00000000d5f00000, 0x00000000dee00000, 0x0000000100000000)
  eden space 110592K, 74% used [0x00000000d5f00000,0x00000000daf39f68,0x00000000dcb00000)
  from space 12800K, 99% used [0x00000000dcb00000,0x00000000dd779b38,0x00000000dd780000)
  to   space 12800K, 0% used [0x00000000dd780000,0x00000000dd780000,0x00000000de400000)
 ParOldGen       total 67584K, used 13718K [0x0000000081c00000, 0x0000000085e00000, 0x00000000d5f00000)
  object space 67584K, 20% used [0x0000000081c00000,0x0000000082965ac8,0x0000000085e00000)
 Metaspace       used 50960K, capacity 53914K, committed 54144K, reserved 1095680K
  class space    used 7021K, capacity 7755K, committed 7808K, reserved 1048576K

Card table byte_map: [0x0000000012660000,0x0000000012a60000] byte_map_base: 0x0000000012252000

Marking Bits: (ParMarkBitMap*) 0x000000005636b6d0
 Begin Bits: [0x0000000013510000, 0x00000000154a0000)
 End Bits:   [0x00000000154a0000, 0x0000000017430000)

Polling page: 0x0000000001200000

CodeCache: size=245760Kb used=15985Kb max_used=15995Kb free=229774Kb
 bounds [0x00000000032a0000, 0x0000000004250000, 0x00000000122a0000]
 total_blobs=5283 nmethods=4826 adapters=369
 compilation: enabled

Compilation events (10 events):
Event: 21.946 Thread 0x000000001a10a000 nmethod 4926 0x000000000423ab50 code [0x000000000423ad00, 0x000000000423b298]
Event: 21.946 Thread 0x000000001a123800 nmethod 4934 0x00000000042353d0 code [0x00000000042355c0, 0x0000000004235eb8]
Event: 21.946 Thread 0x000000001a123800 4935   !   3       sun.reflect.GeneratedMethodAccessor27::invoke (73 bytes)
Event: 21.947 Thread 0x000000001a123800 nmethod 4935 0x0000000004239bd0 code [0x0000000004239dc0, 0x000000000423a6b8]
Event: 21.947 Thread 0x000000001a123800 4936   !   3       sun.reflect.GeneratedMethodAccessor28::invoke (73 bytes)
Event: 21.947 Thread 0x000000001a123800 nmethod 4936 0x000000000423b8d0 code [0x000000000423bac0, 0x000000000423c3b8]
Event: 21.950 Thread 0x000000001a10a000 4937       4       java.lang.Enum::equals (11 bytes)
Event: 21.951 Thread 0x000000001a10a000 nmethod 4937 0x00000000041f6f50 code [0x00000000041f7080, 0x00000000041f70f8]
Event: 21.951 Thread 0x000000001a123800 4938       3       org.sonar.java.ast.parser.TreeFactory::newAnnotatedParameterizedIdentifier (68 bytes)
Event: 21.952 Thread 0x000000001a123800 nmethod 4938 0x000000000423dfd0 code [0x000000000423e200, 0x000000000423ef08]

GC Heap History (10 events):
Event: 13.911 GC heap before
{Heap before GC invocations=5 (full 1):
 PSYoungGen      total 38400K, used 33280K [0x00000000d5f00000, 0x00000000daa00000, 0x0000000100000000)
  eden space 33280K, 100% used [0x00000000d5f00000,0x00000000d7f80000,0x00000000d7f80000)
  from space 5120K, 0% used [0x00000000d7f80000,0x00000000d7f80000,0x00000000d8480000)
  to   space 5120K, 0% used [0x00000000da500000,0x00000000da500000,0x00000000daa00000)
 ParOldGen       total 56832K, used 11366K [0x0000000081c00000, 0x0000000085380000, 0x00000000d5f00000)
  object space 56832K, 20% used [0x0000000081c00000,0x0000000082719a40,0x0000000085380000)
 Metaspace       used 25427K, capacity 27058K, committed 27264K, reserved 1073152K
  class space    used 3072K, capacity 3644K, committed 3712K, reserved 1048576K
Event: 13.918 GC heap after
Heap after GC invocations=5 (full 1):
 PSYoungGen      total 66560K, used 5111K [0x00000000d5f00000, 0x00000000daa00000, 0x0000000100000000)
  eden space 61440K, 0% used [0x00000000d5f00000,0x00000000d5f00000,0x00000000d9b00000)
  from space 5120K, 99% used [0x00000000da500000,0x00000000da9fdc10,0x00000000daa00000)
  to   space 5120K, 0% used [0x00000000da000000,0x00000000da000000,0x00000000da500000)
 ParOldGen       total 56832K, used 12277K [0x0000000081c00000, 0x0000000085380000, 0x00000000d5f00000)
  object space 56832K, 21% used [0x0000000081c00000,0x00000000827fd6a0,0x0000000085380000)
 Metaspace       used 25427K, capacity 27058K, committed 27264K, reserved 1073152K
  class space    used 3072K, capacity 3644K, committed 3712K, reserved 1048576K
}
Event: 16.537 GC heap before
{Heap before GC invocations=6 (full 1):
 PSYoungGen      total 66560K, used 66551K [0x00000000d5f00000, 0x00000000daa00000, 0x0000000100000000)
  eden space 61440K, 100% used [0x00000000d5f00000,0x00000000d9b00000,0x00000000d9b00000)
  from space 5120K, 99% used [0x00000000da500000,0x00000000da9fdc10,0x00000000daa00000)
  to   space 5120K, 0% used [0x00000000da000000,0x00000000da000000,0x00000000da500000)
 ParOldGen       total 56832K, used 12277K [0x0000000081c00000, 0x0000000085380000, 0x00000000d5f00000)
  object space 56832K, 21% used [0x0000000081c00000,0x00000000827fd6a0,0x0000000085380000)
 Metaspace       used 32011K, capacity 33760K, committed 34048K, reserved 1079296K
  class space    used 4066K, capacity 4561K, committed 4608K, reserved 1048576K
Event: 16.552 GC heap after
Heap after GC invocations=6 (full 1):
 PSYoungGen      total 71680K, used 5091K [0x00000000d5f00000, 0x00000000de400000, 0x0000000100000000)
  eden space 66560K, 0% used [0x00000000d5f00000,0x00000000d5f00000,0x00000000da000000)
  from space 5120K, 99% used [0x00000000da000000,0x00000000da4f8c00,0x00000000da500000)
  to   space 12800K, 0% used [0x00000000dd780000,0x00000000dd780000,0x00000000de400000)
 ParOldGen       total 56832K, used 17011K [0x0000000081c00000, 0x0000000085380000, 0x00000000d5f00000)
  object space 56832K, 29% used [0x0000000081c00000,0x0000000082c9cd48,0x0000000085380000)
 Metaspace       used 32011K, capacity 33760K, committed 34048K, reserved 1079296K
  class space    used 4066K, capacity 4561K, committed 4608K, reserved 1048576K
}
Event: 16.870 GC heap before
{Heap before GC invocations=7 (full 1):
 PSYoungGen      total 71680K, used 22085K [0x00000000d5f00000, 0x00000000de400000, 0x0000000100000000)
  eden space 66560K, 25% used [0x00000000d5f00000,0x00000000d6f98838,0x00000000da000000)
  from space 5120K, 99% used [0x00000000da000000,0x00000000da4f8c00,0x00000000da500000)
  to   space 12800K, 0% used [0x00000000dd780000,0x00000000dd780000,0x00000000de400000)
 ParOldGen       total 56832K, used 17011K [0x0000000081c00000, 0x0000000085380000, 0x00000000d5f00000)
  object space 56832K, 29% used [0x0000000081c00000,0x0000000082c9cd48,0x0000000085380000)
 Metaspace       used 33791K, capacity 35398K, committed 35496K, reserved 1079296K
  class space    used 4366K, capacity 4834K, committed 4864K, reserved 1048576K
Event: 16.879 GC heap after
Heap after GC invocations=7 (full 1):
 PSYoungGen      total 123392K, used 6119K [0x00000000d5f00000, 0x00000000dee00000, 0x0000000100000000)
  eden space 110592K, 0% used [0x00000000d5f00000,0x00000000d5f00000,0x00000000dcb00000)
  from space 12800K, 47% used [0x00000000dd780000,0x00000000ddd79e68,0x00000000de400000)
  to   space 12800K, 0% used [0x00000000dcb00000,0x00000000dcb00000,0x00000000dd780000)
 ParOldGen       total 56832K, used 17147K [0x0000000081c00000, 0x0000000085380000, 0x00000000d5f00000)
  object space 56832K, 30% used [0x0000000081c00000,0x0000000082cbed58,0x0000000085380000)
 Metaspace       used 33791K, capacity 35398K, committed 35496K, reserved 1079296K
  class space    used 4366K, capacity 4834K, committed 4864K, reserved 1048576K
}
Event: 16.879 GC heap before
{Heap before GC invocations=8 (full 2):
 PSYoungGen      total 123392K, used 6119K [0x00000000d5f00000, 0x00000000dee00000, 0x0000000100000000)
  eden space 110592K, 0% used [0x00000000d5f00000,0x00000000d5f00000,0x00000000dcb00000)
  from space 12800K, 47% used [0x00000000dd780000,0x00000000ddd79e68,0x00000000de400000)
  to   space 12800K, 0% used [0x00000000dcb00000,0x00000000dcb00000,0x00000000dd780000)
 ParOldGen       total 56832K, used 17147K [0x0000000081c00000, 0x0000000085380000, 0x00000000d5f00000)
  object space 56832K, 30% used [0x0000000081c00000,0x0000000082cbed58,0x0000000085380000)
 Metaspace       used 33791K, capacity 35398K, committed 35496K, reserved 1079296K
  class space    used 4366K, capacity 4834K, committed 4864K, reserved 1048576K
Event: 16.932 GC heap after
Heap after GC invocations=8 (full 2):
 PSYoungGen      total 123392K, used 0K [0x00000000d5f00000, 0x00000000dee00000, 0x0000000100000000)
  eden space 110592K, 0% used [0x00000000d5f00000,0x00000000d5f00000,0x00000000dcb00000)
  from space 12800K, 0% used [0x00000000dd780000,0x00000000dd780000,0x00000000de400000)
  to   space 12800K, 0% used [0x00000000dcb00000,0x00000000dcb00000,0x00000000dd780000)
 ParOldGen       total 67584K, used 13037K [0x0000000081c00000, 0x0000000085e00000, 0x00000000d5f00000)
  object space 67584K, 19% used [0x0000000081c00000,0x00000000828bb610,0x0000000085e00000)
 Metaspace       used 33791K, capacity 35398K, committed 35496K, reserved 1079296K
  class space    used 4366K, capacity 4834K, committed 4864K, reserved 1048576K
}
Event: 19.203 GC heap before
{Heap before GC invocations=9 (full 2):
 PSYoungGen      total 123392K, used 110592K [0x00000000d5f00000, 0x00000000dee00000, 0x0000000100000000)
  eden space 110592K, 100% used [0x00000000d5f00000,0x00000000dcb00000,0x00000000dcb00000)
  from space 12800K, 0% used [0x00000000dd780000,0x00000000dd780000,0x00000000de400000)
  to   space 12800K, 0% used [0x00000000dcb00000,0x00000000dcb00000,0x00000000dd780000)
 ParOldGen       total 67584K, used 13037K [0x0000000081c00000, 0x0000000085e00000, 0x00000000d5f00000)
  object space 67584K, 19% used [0x0000000081c00000,0x00000000828bb610,0x0000000085e00000)
 Metaspace       used 44474K, capacity 46384K, committed 46720K, reserved 1089536K
  class space    used 6109K, capacity 6660K, committed 6784K, reserved 1048576K
Event: 19.260 GC heap after
Heap after GC invocations=9 (full 2):
 PSYoungGen      total 123392K, used 12774K [0x00000000d5f00000, 0x00000000dee00000, 0x0000000100000000)
  eden space 110592K, 0% used [0x00000000d5f00000,0x00000000d5f00000,0x00000000dcb00000)
  from space 12800K, 99% used [0x00000000dcb00000,0x00000000dd779b38,0x00000000dd780000)
  to   space 12800K, 0% used [0x00000000dd780000,0x00000000dd780000,0x00000000de400000)
 ParOldGen       total 67584K, used 13718K [0x0000000081c00000, 0x0000000085e00000, 0x00000000d5f00000)
  object space 67584K, 20% used [0x0000000081c00000,0x0000000082965ac8,0x0000000085e00000)
 Metaspace       used 44474K, capacity 46384K, committed 46720K, reserved 1089536K
  class space    used 6109K, capacity 6660K, committed 6784K, reserved 1048576K
}

Deoptimization events (10 events):
Event: 21.008 Thread 0x000000000309e000 Uncommon trap: reason=speculate_class_check action=maybe_recompile pc=0x0000000004125d94 method=com.google.common.collect.ImmutableList.listIterator()Lcom/google/common/collect/UnmodifiableListIterator; @ 2
Event: 21.008 Thread 0x000000000309e000 Uncommon trap: reason=speculate_class_check action=maybe_recompile pc=0x0000000004125d94 method=com.google.common.collect.ImmutableList.listIterator()Lcom/google/common/collect/UnmodifiableListIterator; @ 2
Event: 21.018 Thread 0x000000000309e000 Uncommon trap: reason=null_check action=make_not_entrant pc=0x00000000034b2efc method=java.util.Formatter$FormatSpecifier.printString(Ljava/lang/Object;Ljava/util/Locale;)V @ 1
Event: 21.743 Thread 0x000000000309e000 Uncommon trap: reason=unstable_if action=reinterpret pc=0x0000000003abfb2c method=sun.nio.cs.UTF_8$Decoder.decodeArrayLoop(Ljava/nio/ByteBuffer;Ljava/nio/CharBuffer;)Ljava/nio/charset/CoderResult; @ 84
Event: 21.755 Thread 0x000000000309e000 Uncommon trap: reason=unstable_if action=reinterpret pc=0x0000000003a98b08 method=sun.nio.cs.UTF_8$Decoder.decodeArrayLoop(Ljava/nio/ByteBuffer;Ljava/nio/CharBuffer;)Ljava/nio/charset/CoderResult; @ 84
Event: 21.811 Thread 0x000000000309e000 Uncommon trap: reason=class_check action=maybe_recompile pc=0x00000000041fbca8 method=java.util.regex.Matcher.getTextLength()I @ 4
Event: 21.811 Thread 0x000000000309e000 Uncommon trap: reason=class_check action=maybe_recompile pc=0x00000000041fbca8 method=java.util.regex.Matcher.getTextLength()I @ 4
Event: 21.811 Thread 0x000000000309e000 Uncommon trap: reason=class_check action=maybe_recompile pc=0x00000000041fbca8 method=java.util.regex.Matcher.getTextLength()I @ 4
Event: 21.811 Thread 0x000000000309e000 Uncommon trap: reason=class_check action=maybe_recompile pc=0x00000000041fbca8 method=java.util.regex.Matcher.getTextLength()I @ 4
Event: 21.860 Thread 0x000000000309e000 Uncommon trap: reason=unstable_if action=reinterpret pc=0x0000000003fe4e7c method=org.sonar.sslr.internal.vm.StringExpression.execute(Lorg/sonar/sslr/internal/vm/Machine;)V @ 11

Internal exceptions (10 events):
Event: 18.674 Thread 0x000000000309e000 Exception <a 'java/lang/NoSuchMethodError': java.lang.Object.lambda$subtypeOf$0(Ljava/lang/String;Lorg/sonar/plugins/java/api/semantic/Type;)Z> (0x00000000dbf5bf28) thrown at [C:\re\workspace\8-2-build-windows-amd64-cygwin\jdk8u121\8372\hotspot\src\share\
Event: 18.675 Thread 0x000000000309e000 Exception <a 'java/lang/NoSuchMethodError': java.lang.Object.lambda$anyType$2(Lorg/sonar/plugins/java/api/semantic/Type;)Z> (0x00000000dbf5f310) thrown at [C:\re\workspace\8-2-build-windows-amd64-cygwin\jdk8u121\8372\hotspot\src\share\vm\interpreter\linkR
Event: 18.709 Thread 0x000000000309e000 Exception <a 'java/lang/NoSuchMethodError': java.lang.Object.lambda$startsWith$2(Ljava/lang/String;Ljava/lang/String;)Z> (0x00000000dbfe01e8) thrown at [C:\re\workspace\8-2-build-windows-amd64-cygwin\jdk8u121\8372\hotspot\src\share\vm\interpreter\linkReso
Event: 18.832 Thread 0x000000000309e000 Exception <a 'java/lang/NoSuchMethodError': java.lang.Object.lambda$any$0(Ljava/lang/String;)Z> (0x00000000dc2b1370) thrown at [C:\re\workspace\8-2-build-windows-amd64-cygwin\jdk8u121\8372\hotspot\src\share\vm\interpreter\linkResolver.cpp, line 582]
Event: 19.950 Thread 0x000000000309e000 Exception <a 'java/lang/NoSuchMethodError': java.lang.Object.lambda$negate$1(Ljava/lang/Object;)Z> (0x00000000d81758e0) thrown at [C:\re\workspace\8-2-build-windows-amd64-cygwin\jdk8u121\8372\hotspot\src\share\vm\interpreter\linkResolver.cpp, line 582]
Event: 20.615 Thread 0x000000000309e000 Exception <a 'java/lang/NoSuchMethodError': java.lang.Object.lambda$or$2(Ljava/util/function/Predicate;Ljava/lang/Object;)Z> (0x00000000d944e120) thrown at [C:\re\workspace\8-2-build-windows-amd64-cygwin\jdk8u121\8372\hotspot\src\share\vm\interpreter\link
Event: 20.847 Thread 0x000000000309e000 Implicit null exception at 0x0000000003db8b2b to 0x0000000003db8db1
Event: 20.903 Thread 0x000000000309e000 Implicit null exception at 0x0000000003d265d5 to 0x0000000003d26a59
Event: 20.994 Thread 0x000000000309e000 Implicit null exception at 0x00000000034868d7 to 0x0000000003486731
Event: 21.018 Thread 0x000000000309e000 Implicit null exception at 0x00000000034b29b4 to 0x00000000034b2ee5

Events (10 events):
Event: 21.811 Thread 0x000000000309e000 DEOPT PACKING pc=0x00000000041fbca8 sp=0x000000000319d860
Event: 21.811 Thread 0x000000000309e000 DEOPT UNPACKING pc=0x00000000032e582a sp=0x000000000319d6f8 mode 2
Event: 21.811 Thread 0x000000000309e000 Uncommon trap: trap_request=0xffffffde fr.pc=0x00000000041fbca8
Event: 21.811 Thread 0x000000000309e000 DEOPT PACKING pc=0x00000000041fbca8 sp=0x000000000319d860
Event: 21.811 Thread 0x000000000309e000 DEOPT UNPACKING pc=0x00000000032e582a sp=0x000000000319d6f8 mode 2
Event: 21.860 Thread 0x000000000309e000 Uncommon trap: trap_request=0xffffff65 fr.pc=0x0000000003fe4e7c
Event: 21.860 Thread 0x000000000309e000 DEOPT PACKING pc=0x0000000003fe4e7c sp=0x000000000319d870
Event: 21.860 Thread 0x000000000309e000 DEOPT UNPACKING pc=0x00000000032e582a sp=0x000000000319d818 mode 2
Event: 21.874 loading class org/sonar/java/model/expression/InternalPrefixUnaryExpression
Event: 21.874 loading class org/sonar/java/model/expression/InternalPrefixUnaryExpression done


Dynamic libraries:
0x00007ff7208b0000 - 0x00007ff7208e7000 	C:\sonar-scanner-3.2.0.1227-windows\jre\bin\java.exe
0x00007ffc0bb00000 - 0x00007ffc0bcf0000 	C:\WINDOWS\SYSTEM32\ntdll.dll
0x00007ffc0a830000 - 0x00007ffc0a8e2000 	C:\WINDOWS\System32\KERNEL32.DLL
0x00007ffc09430000 - 0x00007ffc096d3000 	C:\WINDOWS\System32\KERNELBASE.dll
0x00007ffc0a170000 - 0x00007ffc0a213000 	C:\WINDOWS\System32\ADVAPI32.dll
0x00007ffc0a620000 - 0x00007ffc0a6be000 	C:\WINDOWS\System32\msvcrt.dll
0x00007ffc0b210000 - 0x00007ffc0b2a7000 	C:\WINDOWS\System32\sechost.dll
0x00007ffc0a220000 - 0x00007ffc0a340000 	C:\WINDOWS\System32\RPCRT4.dll
0x00007ffc0a480000 - 0x00007ffc0a613000 	C:\WINDOWS\System32\USER32.dll
0x00007ffc08c60000 - 0x00007ffc08c81000 	C:\WINDOWS\System32\win32u.dll
0x00007ffc0b360000 - 0x00007ffc0b386000 	C:\WINDOWS\System32\GDI32.dll
0x00007ffc09a10000 - 0x00007ffc09ba4000 	C:\WINDOWS\System32\gdi32full.dll
0x00007ffc08a90000 - 0x00007ffc08b2e000 	C:\WINDOWS\System32\msvcp_win.dll
0x00007ffc096e0000 - 0x00007ffc097da000 	C:\WINDOWS\System32\ucrtbase.dll
0x00007ffbfac30000 - 0x00007ffbfaeb5000 	C:\WINDOWS\WinSxS\amd64_microsoft.windows.common-controls_6595b64144ccf1df_6.0.18362.295_none_e6c3acbd13101292\COMCTL32.dll
0x00007ffc09c10000 - 0x00007ffc09f46000 	C:\WINDOWS\System32\combase.dll
0x00007ffc08b90000 - 0x00007ffc08c10000 	C:\WINDOWS\System32\bcryptPrimitives.dll
0x00007ffc0b5a0000 - 0x00007ffc0b5ce000 	C:\WINDOWS\System32\IMM32.DLL
0x00000000563f0000 - 0x00000000564c2000 	C:\sonar-scanner-3.2.0.1227-windows\jre\bin\msvcr100.dll
0x0000000055b50000 - 0x00000000563eb000 	C:\sonar-scanner-3.2.0.1227-windows\jre\bin\server\jvm.dll
0x00007ffc09fb0000 - 0x00007ffc09fb8000 	C:\WINDOWS\System32\PSAPI.DLL
0x00007ffc027b0000 - 0x00007ffc027ba000 	C:\WINDOWS\SYSTEM32\VERSION.dll
0x00007ffc05530000 - 0x00007ffc05554000 	C:\WINDOWS\SYSTEM32\WINMM.dll
0x00007ffbed930000 - 0x00007ffbed939000 	C:\WINDOWS\SYSTEM32\WSOCK32.dll
0x00007ffc05500000 - 0x00007ffc0552d000 	C:\WINDOWS\SYSTEM32\winmmbase.dll
0x00007ffc0a8f0000 - 0x00007ffc0a95f000 	C:\WINDOWS\System32\WS2_32.dll
0x00007ffc08c10000 - 0x00007ffc08c5a000 	C:\WINDOWS\System32\cfgmgr32.dll
0x00000000598a0000 - 0x00000000598af000 	C:\sonar-scanner-3.2.0.1227-windows\jre\bin\verify.dll
0x0000000059770000 - 0x0000000059799000 	C:\sonar-scanner-3.2.0.1227-windows\jre\bin\java.dll
0x0000000059750000 - 0x0000000059766000 	C:\sonar-scanner-3.2.0.1227-windows\jre\bin\zip.dll
0x00007ffc0aaa0000 - 0x00007ffc0b182000 	C:\WINDOWS\System32\SHELL32.dll
0x00007ffc0b2b0000 - 0x00007ffc0b359000 	C:\WINDOWS\System32\shcore.dll
0x00007ffc08cb0000 - 0x00007ffc0942c000 	C:\WINDOWS\System32\windows.storage.dll
0x00007ffc08a70000 - 0x00007ffc08a8f000 	C:\WINDOWS\System32\profapi.dll
0x00007ffc08a00000 - 0x00007ffc08a4a000 	C:\WINDOWS\System32\powrprof.dll
0x00007ffc089d0000 - 0x00007ffc089e0000 	C:\WINDOWS\System32\UMPDC.dll
0x00007ffc09bb0000 - 0x00007ffc09c02000 	C:\WINDOWS\System32\shlwapi.dll
0x00007ffc089e0000 - 0x00007ffc089f1000 	C:\WINDOWS\System32\kernel.appcore.dll
0x00007ffc08c90000 - 0x00007ffc08ca7000 	C:\WINDOWS\System32\cryptsp.dll
0x0000000055b30000 - 0x0000000055b4a000 	C:\sonar-scanner-3.2.0.1227-windows\jre\bin\net.dll
0x00007ffc08240000 - 0x00007ffc082a7000 	C:\WINDOWS\system32\mswsock.dll
0x0000000055b10000 - 0x0000000055b21000 	C:\sonar-scanner-3.2.0.1227-windows\jre\bin\nio.dll
0x0000000055ae0000 - 0x0000000055b04000 	C:\sonar-scanner-3.2.0.1227-windows\jre\bin\sunec.dll
0x00007ffc07f50000 - 0x00007ffc07f8a000 	C:\WINDOWS\SYSTEM32\IPHLPAPI.DLL
0x00007ffc0a340000 - 0x00007ffc0a348000 	C:\WINDOWS\System32\NSI.dll
0x00007ffc00ec0000 - 0x00007ffc00ed6000 	C:\WINDOWS\SYSTEM32\dhcpcsvc6.DLL
0x00007ffc00e30000 - 0x00007ffc00e4c000 	C:\WINDOWS\SYSTEM32\dhcpcsvc.DLL
0x00007ffc07f90000 - 0x00007ffc0805a000 	C:\WINDOWS\SYSTEM32\DNSAPI.dll
0x00007ffc07db0000 - 0x00007ffc07de3000 	C:\WINDOWS\system32\rsaenh.dll
0x00007ffc097e0000 - 0x00007ffc09806000 	C:\WINDOWS\System32\bcrypt.dll
0x00007ffc088f0000 - 0x00007ffc08915000 	C:\WINDOWS\SYSTEM32\USERENV.dll
0x00007ffc08410000 - 0x00007ffc0841c000 	C:\WINDOWS\SYSTEM32\CRYPTBASE.dll
0x00007ffc00f60000 - 0x00007ffc00f6a000 	C:\Windows\System32\rasadhlp.dll
0x00007ffbffb30000 - 0x00007ffbffba7000 	C:\WINDOWS\System32\fwpuclnt.dll
0x0000000055ad0000 - 0x0000000055adb000 	C:\sonar-scanner-3.2.0.1227-windows\jre\bin\sunmscapi.dll
0x00007ffc098c0000 - 0x00007ffc09a09000 	C:\WINDOWS\System32\CRYPT32.dll
0x00007ffc08a50000 - 0x00007ffc08a62000 	C:\WINDOWS\System32\MSASN1.dll

VM Arguments:
jvm_args: -Djava.awt.headless=true -Dscanner.home=C:\sonar-scanner-3.2.0.1227-windows\bin\.. -Dproject.home=C:\Users\matte\Documents\GitHub\Cicerone\android\app 
java_command: org.sonarsource.scanner.cli.Main
java_class_path (initial): C:\sonar-scanner-3.2.0.1227-windows\bin\..\lib\sonar-scanner-cli-3.2.0.1227.jar
Launcher Type: SUN_STANDARD

Environment Variables:
JAVA_HOME=C:\sonar-scanner-3.2.0.1227-windows\bin\..\jre
PATH=D:\Programmi\KomodoIDE\;D:\Programmi\MinGW;D:\Programmi\MinGW\msys\1.0\bin;C:\Program Files (x86)\Intel\iCLS Client\;C:\Program Files\Intel\iCLS Client\;C:\Windows\system32;C:\Windows;C:\Windows\System32\Wbem;C:\Windows\System32\WindowsPowerShell\v1.0\;C:\Program Files\Intel\WiFi\bin\;C:\Program Files\Common Files\Intel\WirelessCommon\;C:\Program Files (x86)\NVIDIA Corporation\PhysX\Common;C:\Program Files (x86)\Intel\Intel(R) Management Engine Components\DAL;C:\Program Files\Intel\Intel(R) Management Engine Components\DAL;C:\Program Files (x86)\Intel\Intel(R) Management Engine Components\IPT;C:\Program Files\Intel\Intel(R) Management Engine Components\IPT;C:\WINDOWS\system32;C:\WINDOWS;C:\WINDOWS\System32\Wbem;C:\WINDOWS\System32\WindowsPowerShell\v1.0\;C:\Users\matte\AppData\Local\Microsoft\WindowsApps;C:\adb;C:\WINDOWS\System32\OpenSSH\;D:\Programmi\MATLAB\bin;C:\Program Files\MySQL\MySQL Workbench 8.0 CE;C:\WINDOWS\system32;C:\WINDOWS;C:\WINDOWS\System32\Wbem;C:\WINDOWS\System32\WindowsPowerShell\v1.0\;C:\WINDOWS\System32\OpenSSH\;C:\Program Files\Java\jdk-12.0.2\bin\;C:\Users\matte\AppData\Local\Microsoft\WindowsApps;C:\texlive\2017\bin\win32;C:\Program Files\MySQL\MySQL Workbench 8.0 CE;C:\Users\matte\AppData\Local\GitHubDesktop\bin
USERNAME=matte
OS=Windows_NT
PROCESSOR_IDENTIFIER=Intel64 Family 6 Model 158 Stepping 9, GenuineIntel



---------------  S Y S T E M  ---------------

OS: Windows 10.0 , 64 bit Build 18362 (10.0.18362.86)

CPU:total 8 (4 cores per cpu, 2 threads per core) family 6 model 158 stepping 9, cmov, cx8, fxsr, mmx, sse, sse2, sse3, ssse3, sse4.1, sse4.2, popcnt, avx, avx2, aes, clmul, erms, 3dnowpref, lzcnt, ht, tsc, tscinvbit, bmi1, bmi2, adx

Memory: 4k page, physical 8270668k(375972k free), swap 13390668k(756k free)

vm_info: Java HotSpot(TM) 64-Bit Server VM (25.121-b13) for windows-amd64 JRE (1.8.0_121-b13), built on Dec 12 2016 18:21:36 by "java_re" with MS VC++ 10.0 (VS2010)

time: Tue Sep 10 11:10:33 2019
elapsed time: 21 seconds (0d 0h 0m 21s)

